<?xml version="1.0" encoding="UTF-8"?>
<!-- Generated by org.testng.reporters.JUnitXMLReporter -->
<testsuite hostname="ip-172-31-91-231" ignored="4" name="Test" tests="5" failures="0" timestamp="29 Dec 2021 17:47:35 GMT" time="8.483" errors="0">
  <testcase name="NegativeSignup" time="0.85" classname="Tests.SignupTest"/>
  <testcase name="PositivesignupTest" time="0.814" classname="Tests.SignupTest"/>
  <testcase name="NegativeLogin" time="0.369" classname="Tests.LoginTest"/>
  <testcase name="positiveLogin" time="0.401" classname="Tests.LoginTest"/>
  <testcase name="CompleteOrderandValidate" time="1.307" classname="Tests.CompleteOrderandValidateTest"/>
  <testcase name="@AfterTest ReportTearDown" time="0.0" classname="Tests.Baseclass">
    <ignored/>
  </testcase> <!-- @AfterTest ReportTearDown -->
  <testcase name="@AfterTest ReportTearDown" time="0.0" classname="Tests.Baseclass">
    <ignored/>
  </testcase> <!-- @AfterTest ReportTearDown -->
  <testcase name="@BeforeTest ReportSetup" time="0.0" classname="Tests.Baseclass">
    <ignored/>
  </testcase> <!-- @BeforeTest ReportSetup -->
  <testcase name="@BeforeTest ReportSetup" time="0.0" classname="Tests.Baseclass">
    <ignored/>
  </testcase> <!-- @BeforeTest ReportSetup -->
</testsuite> <!-- Test -->
